{
  "numTotalTestSuites": 2,
  "numPassedTestSuites": 2,
  "numFailedTestSuites": 0,
  "numPendingTestSuites": 0,
  "numTotalTests": 1,
  "numPassedTests": 1,
  "numFailedTests": 0,
  "numPendingTests": 0,
  "numTodoTests": 0,
  "startTime": 1688641114062,
  "success": true,
  "testResults": [
    {
      "assertionResults": [
        {
          "ancestorTitles": [
            "",
            "Index"
          ],
          "fullName": " Index Should Pass",
          "status": "passed",
          "title": "Should Pass",
          "duration": 2,
          "failureMessages": []
        }
      ],
      "startTime": 1688641131423,
      "endTime": 1688641131425,
      "status": "passed",
      "message": "",
      "name": "D:/VsCode/Github/DailyApp/DailyApp/server/Games-Service/test/services/index.test.ts"
    }
  ]
}